[debug] [2022-08-06T10:49:45.557Z] ----------------------------------------------------------------------
[debug] [2022-08-06T10:49:45.558Z] Command:       C:\Program Files\nodejs\node.exe C:\Users\DELL\AppData\Roaming\npm\node_modules\firebase-tools\lib\bin\firebase.js init
[debug] [2022-08-06T10:49:45.559Z] CLI Version:   10.7.2
[debug] [2022-08-06T10:49:45.559Z] Platform:      win32
[debug] [2022-08-06T10:49:45.559Z] Node Version:  v16.16.0
[debug] [2022-08-06T10:49:45.560Z] Time:          Sat Aug 06 2022 16:19:45 GMT+0530 (India Standard Time)
[debug] [2022-08-06T10:49:45.560Z] ----------------------------------------------------------------------
[debug] 
[debug] [2022-08-06T10:49:45.636Z] > command requires scopes: ["email","openid","https://www.googleapis.com/auth/cloudplatformprojects.readonly","https://www.googleapis.com/auth/firebase","https://www.googleapis.com/auth/cloud-platform"]
[debug] [2022-08-06T10:49:45.637Z] > authorizing via signed-in user (nanaksethh@gmail.com)
[info] 
     ######## #### ########  ######## ########     ###     ######  ########
     ##        ##  ##     ## ##       ##     ##  ##   ##  ##       ##
     ######    ##  ########  ######   ########  #########  ######  ######
     ##        ##  ##    ##  ##       ##     ## ##     ##       ## ##
     ##       #### ##     ## ######## ########  ##     ##  ######  ########

You're about to initialize a Firebase project in this directory:

  C:\Users\DELL\Desktop\lynk-town-1

Before we get started, keep in mind:

  * You are initializing within an existing Firebase project directory

